General Logger:	2020/12/09 02:03:56 main.go:2610: Starting Extracting Language Files from GoogleSheet - downloading csv approach..
General Logger:	2020/12/09 02:03:56 main.go:2670: Downloading https://docs.google.com/spreadsheets/d/e/2PACX-1vS3Im-UdiFgf2aqvrTm14rXlExQOHYPKq9TTDXp0qjBU4Tnb4e2C5_kFQ8u1U0gfWuV70Ybe1gUO8fe/pub?gid=558395991&single=true&output=csv ...
General Logger:	2020/12/09 02:04:02 main.go:2707: Doc downloaded in  /home/eugenearch/Code/github.com/eugenefoxx/starLine/motivationUpdate/docs/source.csv
General Logger:	2020/12/09 02:04:02 main.go:2636: Completed Execution..
General Logger:	2020/12/09 02:05:08 main.go:2610: Starting Extracting Language Files from GoogleSheet - downloading csv approach..
General Logger:	2020/12/09 02:05:08 main.go:2670: Downloading https://docs.google.com/spreadsheets/d/e/2PACX-1vS3Im-UdiFgf2aqvrTm14rXlExQOHYPKq9TTDXp0qjBU4Tnb4e2C5_kFQ8u1U0gfWuV70Ybe1gUO8fe/pub?gid=558395991&single=true&output=csv ...
General Logger:	2020/12/09 02:05:10 main.go:2707: Doc downloaded in  /home/eugenearch/Code/github.com/eugenefoxx/starLine/motivationUpdate/docs/source.csv
General Logger:	2020/12/09 02:05:10 main.go:2636: Completed Execution..
General Logger:	2020/12/09 02:08:21 main.go:2611: Starting Extracting Language Files from GoogleSheet - downloading csv approach..
General Logger:	2020/12/09 02:08:21 main.go:2671: Downloading https://docs.google.com/spreadsheets/d/e/2PACX-1vS3Im-UdiFgf2aqvrTm14rXlExQOHYPKq9TTDXp0qjBU4Tnb4e2C5_kFQ8u1U0gfWuV70Ybe1gUO8fe/pub?gid=558395991&single=true&output=csv ...
General Logger:	2020/12/09 02:08:22 main.go:2708: Doc downloaded in  /home/eugenearch/Code/github.com/eugenefoxx/starLine/motivationUpdate/docs/source.csv
General Logger:	2020/12/09 02:08:22 main.go:2637: Completed Execution..
General Logger:	2020/12/09 23:26:11 main.go:2649: Starting Extracting Language Files from GoogleSheet - downloading csv approach..
General Logger:	2020/12/09 23:26:11 main.go:2709: Downloading https://docs.google.com/spreadsheets/d/e/2PACX-1vS3Im-UdiFgf2aqvrTm14rXlExQOHYPKq9TTDXp0qjBU4Tnb4e2C5_kFQ8u1U0gfWuV70Ybe1gUO8fe/pub?gid=558395991&single=true&output=csv ...
General Logger:	2020/12/09 23:26:14 main.go:2746: Doc downloaded in  /home/eugenearch/Code/github.com/eugenefoxx/starLine/motivationUpdate/docs/source.csv
General Logger:	2020/12/09 23:26:14 main.go:2675: Completed Execution..
General Logger:	2020/12/09 23:30:45 main.go:2649: Starting Extracting Language Files from GoogleSheet - downloading csv approach..
General Logger:	2020/12/09 23:30:45 main.go:2709: Downloading https://docs.google.com/spreadsheets/d/e/2PACX-1vS3Im-UdiFgf2aqvrTm14rXlExQOHYPKq9TTDXp0qjBU4Tnb4e2C5_kFQ8u1U0gfWuV70Ybe1gUO8fe/pub?gid=558395991&single=true&output=csv ...
General Logger:	2020/12/09 23:30:46 main.go:2746: Doc downloaded in  /home/eugenearch/Code/github.com/eugenefoxx/starLine/motivationUpdate/docs/source.csv
General Logger:	2020/12/09 23:30:46 main.go:2675: Completed Execution..
General Logger:	2020/12/09 23:32:01 main.go:2649: Starting Extracting Language Files from GoogleSheet - downloading csv approach..
General Logger:	2020/12/09 23:32:01 main.go:2709: Downloading https://docs.google.com/spreadsheets/d/e/2PACX-1vS3Im-UdiFgf2aqvrTm14rXlExQOHYPKq9TTDXp0qjBU4Tnb4e2C5_kFQ8u1U0gfWuV70Ybe1gUO8fe/pub?gid=558395991&single=true&output=csv ...
General Logger:	2020/12/09 23:32:03 main.go:2746: Doc downloaded in  /home/eugenearch/Code/github.com/eugenefoxx/starLine/motivationUpdate/docs/source.csv
General Logger:	2020/12/09 23:32:03 main.go:2675: Completed Execution..
General Logger:	2020/12/09 23:34:19 main.go:2650: Starting Extracting Language Files from GoogleSheet - downloading csv approach..
General Logger:	2020/12/09 23:34:19 main.go:2710: Downloading https://docs.google.com/spreadsheets/d/e/2PACX-1vS3Im-UdiFgf2aqvrTm14rXlExQOHYPKq9TTDXp0qjBU4Tnb4e2C5_kFQ8u1U0gfWuV70Ybe1gUO8fe/pub?gid=558395991&single=true&output=csv ...
General Logger:	2020/12/09 23:34:20 main.go:2747: Doc downloaded in  /home/eugenearch/Code/github.com/eugenefoxx/starLine/motivationUpdate/docs/source.csv
General Logger:	2020/12/09 23:34:20 main.go:2676: Completed Execution..
General Logger:	2020/12/10 13:40:32 main.go:2650: Starting Extracting Language Files from GoogleSheet - downloading csv approach..
General Logger:	2020/12/10 13:40:32 main.go:2710: Downloading https://docs.google.com/spreadsheets/d/e/2PACX-1vS3Im-UdiFgf2aqvrTm14rXlExQOHYPKq9TTDXp0qjBU4Tnb4e2C5_kFQ8u1U0gfWuV70Ybe1gUO8fe/pub?gid=558395991&single=true&output=csv ...
Error Logger:	2020/12/10 13:40:32 main.go:2716: Cannot download file from the given url Get "https://docs.google.com/spreadsheets/d/e/2PACX-1vS3Im-UdiFgf2aqvrTm14rXlExQOHYPKq9TTDXp0qjBU4Tnb4e2C5_kFQ8u1U0gfWuV70Ybe1gUO8fe/pub?gid=558395991&single=true&output=csv": dial tcp: lookup docs.google.com: Temporary failure in name resolution
Error Logger:	2020/12/10 13:40:32 main.go:2672: Cannot download file from the given url Get "https://docs.google.com/spreadsheets/d/e/2PACX-1vS3Im-UdiFgf2aqvrTm14rXlExQOHYPKq9TTDXp0qjBU4Tnb4e2C5_kFQ8u1U0gfWuV70Ybe1gUO8fe/pub?gid=558395991&single=true&output=csv": dial tcp: lookup docs.google.com: Temporary failure in name resolution
General Logger:	2020/12/10 13:41:17 main.go:2650: Starting Extracting Language Files from GoogleSheet - downloading csv approach..
General Logger:	2020/12/10 13:41:17 main.go:2710: Downloading https://docs.google.com/spreadsheets/d/e/2PACX-1vS3Im-UdiFgf2aqvrTm14rXlExQOHYPKq9TTDXp0qjBU4Tnb4e2C5_kFQ8u1U0gfWuV70Ybe1gUO8fe/pub?gid=558395991&single=true&output=csv ...
General Logger:	2020/12/10 13:41:20 main.go:2747: Doc downloaded in  /home/eugenearch/Code/github.com/eugenefoxx/starLine/motivationUpdate/docs/source.csv
General Logger:	2020/12/10 13:41:20 main.go:2676: Completed Execution..
General Logger:	2020/12/11 12:54:09 main.go:2650: Starting Extracting Language Files from GoogleSheet - downloading csv approach..
General Logger:	2020/12/11 12:54:09 main.go:2710: Downloading https://docs.google.com/spreadsheets/d/e/2PACX-1vS3Im-UdiFgf2aqvrTm14rXlExQOHYPKq9TTDXp0qjBU4Tnb4e2C5_kFQ8u1U0gfWuV70Ybe1gUO8fe/pub?gid=558395991&single=true&output=csv ...
General Logger:	2020/12/11 12:54:16 main.go:2747: Doc downloaded in  /home/eugenearch/Code/github.com/eugenefoxx/starLine/motivationUpdate/docs/source.csv
General Logger:	2020/12/11 12:54:16 main.go:2676: Completed Execution..
General Logger:	2020/12/13 10:02:57 main.go:2650: Starting Extracting Language Files from GoogleSheet - downloading csv approach..
General Logger:	2020/12/13 10:02:57 main.go:2710: Downloading https://docs.google.com/spreadsheets/d/e/2PACX-1vS3Im-UdiFgf2aqvrTm14rXlExQOHYPKq9TTDXp0qjBU4Tnb4e2C5_kFQ8u1U0gfWuV70Ybe1gUO8fe/pub?gid=558395991&single=true&output=csv ...
General Logger:	2020/12/13 10:02:59 main.go:2747: Doc downloaded in  /home/eugenearch/Code/github.com/eugenefoxx/starLine/motivationUpdate/docs/source.csv
General Logger:	2020/12/13 10:02:59 main.go:2676: Completed Execution..
General Logger:	2020/12/17 16:50:28 main.go:2651: Starting Extracting Language Files from GoogleSheet - downloading csv approach..
General Logger:	2020/12/17 16:50:28 main.go:2711: Downloading https://docs.google.com/spreadsheets/d/e/2PACX-1vS3Im-UdiFgf2aqvrTm14rXlExQOHYPKq9TTDXp0qjBU4Tnb4e2C5_kFQ8u1U0gfWuV70Ybe1gUO8fe/pub?gid=558395991&single=true&output=csv ...
General Logger:	2020/12/17 16:50:30 main.go:2748: Doc downloaded in  /home/eugenearch/Code/github.com/eugenefoxx/starLine/motivationUpdate/docs/source.csv
General Logger:	2020/12/17 16:50:30 main.go:2677: Completed Execution..
General Logger:	2020/12/17 17:05:03 main.go:2651: Starting Extracting Language Files from GoogleSheet - downloading csv approach..
General Logger:	2020/12/17 17:05:03 main.go:2711: Downloading https://docs.google.com/spreadsheets/d/e/2PACX-1vS3Im-UdiFgf2aqvrTm14rXlExQOHYPKq9TTDXp0qjBU4Tnb4e2C5_kFQ8u1U0gfWuV70Ybe1gUO8fe/pub?gid=558395991&single=true&output=csv ...
General Logger:	2020/12/17 17:05:06 main.go:2748: Doc downloaded in  /home/eugenearch/Code/github.com/eugenefoxx/starLine/motivationUpdate/docs/source.csv
General Logger:	2020/12/17 17:05:06 main.go:2677: Completed Execution..
General Logger:	2020/12/17 17:14:08 main.go:2651: Starting Extracting Language Files from GoogleSheet - downloading csv approach..
General Logger:	2020/12/17 17:14:08 main.go:2711: Downloading https://docs.google.com/spreadsheets/d/e/2PACX-1vS3Im-UdiFgf2aqvrTm14rXlExQOHYPKq9TTDXp0qjBU4Tnb4e2C5_kFQ8u1U0gfWuV70Ybe1gUO8fe/pub?gid=558395991&single=true&output=csv ...
General Logger:	2020/12/17 17:14:10 main.go:2748: Doc downloaded in  /home/eugenearch/Code/github.com/eugenefoxx/starLine/motivationUpdate/docs/source.csv
General Logger:	2020/12/17 17:14:10 main.go:2677: Completed Execution..
General Logger:	2020/12/17 19:07:45 main.go:2651: Starting Extracting Language Files from GoogleSheet - downloading csv approach..
General Logger:	2020/12/17 19:07:45 main.go:2711: Downloading https://docs.google.com/spreadsheets/d/e/2PACX-1vS3Im-UdiFgf2aqvrTm14rXlExQOHYPKq9TTDXp0qjBU4Tnb4e2C5_kFQ8u1U0gfWuV70Ybe1gUO8fe/pub?gid=558395991&single=true&output=csv ...
General Logger:	2020/12/17 19:07:47 main.go:2748: Doc downloaded in  /home/eugenearch/Code/github.com/eugenefoxx/starLine/motivationUpdate/docs/source.csv
General Logger:	2020/12/17 19:07:47 main.go:2677: Completed Execution..
General Logger:	2020/12/17 19:27:55 main.go:2653: Starting Extracting Language Files from GoogleSheet - downloading csv approach..
General Logger:	2020/12/17 19:27:55 main.go:2713: Downloading https://docs.google.com/spreadsheets/d/e/2PACX-1vS3Im-UdiFgf2aqvrTm14rXlExQOHYPKq9TTDXp0qjBU4Tnb4e2C5_kFQ8u1U0gfWuV70Ybe1gUO8fe/pub?gid=558395991&single=true&output=csv ...
General Logger:	2020/12/17 19:27:56 main.go:2750: Doc downloaded in  /home/eugenearch/Code/github.com/eugenefoxx/starLine/motivationUpdate/docs/source.csv
General Logger:	2020/12/17 19:27:56 main.go:2679: Completed Execution..
General Logger:	2020/12/17 19:30:59 main.go:2653: Starting Extracting Language Files from GoogleSheet - downloading csv approach..
General Logger:	2020/12/17 19:30:59 main.go:2713: Downloading https://docs.google.com/spreadsheets/d/e/2PACX-1vS3Im-UdiFgf2aqvrTm14rXlExQOHYPKq9TTDXp0qjBU4Tnb4e2C5_kFQ8u1U0gfWuV70Ybe1gUO8fe/pub?gid=558395991&single=true&output=csv ...
General Logger:	2020/12/17 19:31:00 main.go:2750: Doc downloaded in  /home/eugenearch/Code/github.com/eugenefoxx/starLine/motivationUpdate/docs/source.csv
General Logger:	2020/12/17 19:31:00 main.go:2679: Completed Execution..
General Logger:	2020/12/17 19:36:47 main.go:2648: Starting Extracting Language Files from GoogleSheet - downloading csv approach..
General Logger:	2020/12/17 19:36:47 main.go:2708: Downloading https://docs.google.com/spreadsheets/d/e/2PACX-1vS3Im-UdiFgf2aqvrTm14rXlExQOHYPKq9TTDXp0qjBU4Tnb4e2C5_kFQ8u1U0gfWuV70Ybe1gUO8fe/pub?gid=558395991&single=true&output=csv ...
General Logger:	2020/12/17 19:36:49 main.go:2745: Doc downloaded in  /home/eugenearch/Code/github.com/eugenefoxx/starLine/motivationUpdate/docs/source.csv
General Logger:	2020/12/17 19:36:49 main.go:2674: Completed Execution..
General Logger:	2020/12/17 22:54:56 main.go:2719: Starting Extracting Language Files from GoogleSheet - downloading csv approach..
General Logger:	2020/12/17 22:54:56 main.go:2779: Downloading https://docs.google.com/spreadsheets/d/e/2PACX-1vS3Im-UdiFgf2aqvrTm14rXlExQOHYPKq9TTDXp0qjBU4Tnb4e2C5_kFQ8u1U0gfWuV70Ybe1gUO8fe/pub?gid=558395991&single=true&output=csv ...
General Logger:	2020/12/17 22:54:57 main.go:2816: Doc downloaded in  /home/eugenearch/Code/github.com/eugenefoxx/starLine/motivationUpdate/docs/source.csv
General Logger:	2020/12/17 22:54:57 main.go:2745: Completed Execution..
General Logger:	2020/12/20 18:38:37 main.go:2724: Starting Extracting Language Files from GoogleSheet - downloading csv approach..
General Logger:	2020/12/20 18:38:37 main.go:2785: Downloading https://docs.google.com/spreadsheets/d/e/2PACX-1vS3Im-UdiFgf2aqvrTm14rXlExQOHYPKq9TTDXp0qjBU4Tnb4e2C5_kFQ8u1U0gfWuV70Ybe1gUO8fe/pub?gid=558395991&single=true&output=csv ...
General Logger:	2020/12/20 18:38:39 main.go:2822: Doc downloaded in  /home/eugenearch/Code/github.com/eugenefoxx/starLine/motivationUpdate/docs/source.csv
General Logger:	2020/12/20 18:38:39 main.go:2751: Completed Execution..
General Logger:	2020/12/20 18:59:07 main.go:2733: Starting Extracting Language Files from GoogleSheet - downloading csv approach..
General Logger:	2020/12/20 18:59:07 main.go:2794: Downloading https://docs.google.com/spreadsheets/d/e/2PACX-1vS3Im-UdiFgf2aqvrTm14rXlExQOHYPKq9TTDXp0qjBU4Tnb4e2C5_kFQ8u1U0gfWuV70Ybe1gUO8fe/pub?gid=558395991&single=true&output=csv ...
General Logger:	2020/12/20 18:59:09 main.go:2831: Doc downloaded in  /home/eugenearch/Code/github.com/eugenefoxx/starLine/motivationUpdate/docs/source.csv
General Logger:	2020/12/20 18:59:09 main.go:2760: Completed Execution..
General Logger:	2020/12/20 19:01:53 main.go:2733: Starting Extracting Language Files from GoogleSheet - downloading csv approach..
General Logger:	2020/12/20 19:01:53 main.go:2794: Downloading https://docs.google.com/spreadsheets/d/e/2PACX-1vS3Im-UdiFgf2aqvrTm14rXlExQOHYPKq9TTDXp0qjBU4Tnb4e2C5_kFQ8u1U0gfWuV70Ybe1gUO8fe/pub?gid=558395991&single=true&output=csv ...
General Logger:	2020/12/20 19:01:55 main.go:2831: Doc downloaded in  /home/eugenearch/Code/github.com/eugenefoxx/starLine/motivationUpdate/docs/source.csv
General Logger:	2020/12/20 19:01:55 main.go:2760: Completed Execution..
